0.9151 	WARNING 	We strongly recommend you activate the PTB sound engine in PsychoPy prefs as the preferred audio engine. Its timing is vastly superior. Your prefs are currently set to use ['sounddevice', 'PTB', 'pyo', 'pygame'] (in that order).
16.3518 	EXP 	Created window1 = Window(allowGUI=False, allowStencil=False, args=UNKNOWN, autoLog=True, bitsMode=UNKNOWN, blendMode='avg', bpc=(8, 8, 8), color=array([0., 0., 0.]), colorSpace='rgb', depthBits=8, fullscr=<method-wrapper '__getattribute__' of attributeSetter object at 0x139c5be48>, gamma=None, gammaErrorPolicy='raise', kwargs=UNKNOWN, lms=UNKNOWN, monitor=<psychopy.monitors.calibTools.Monitor object at 0x140debe80>, multiSample=False, name='window1', numSamples=2, pos=[420.0, 262.5], screen=0, size=array([3360, 2100]), stencilBits=0, stereo=False, units='height', useFBO=True, useRetina=True, viewOri=0.0, viewPos=None, viewScale=None, waitBlanking=True, winType='pyglet')
16.3519 	EXP 	window1: recordFrameIntervals = False
16.5189 	EXP 	window1: recordFrameIntervals = True
16.5854 	WARNING 	t of last frame was 34.17ms (=1/29)
16.6057 	WARNING 	t of last frame was 20.28ms (=1/49)
16.6356 	WARNING 	t of last frame was 29.94ms (=1/33)
16.7190 	WARNING 	t of last frame was 33.45ms (=1/29)
16.7518 	WARNING 	Multiple dropped frames have occurred - I'll stop bothering you about them!
16.9191 	EXP 	window1: recordFrameIntervals = False
17.0514 	EXP 	Created instr = TextStim(__class__=<class 'psychopy.visual.text.TextStim'>, alignHoriz=method-wrapper(...), alignText='center', alignVert=method-wrapper(...), anchorHoriz='center', anchorVert='center', antialias=True, autoLog=True, bold=False, color='white', colorSpace='named', contrast=1.0, depth=0.0, flipHoriz=False, flipVert=False, font='Arial', fontFiles=[], height=0.035, italic=False, languageStyle='LTR', name='instr', opacity=1.0, ori=0, pos=array([0., 0.]), rgb=array([255., 255., 255.]), text=str(...), units='height', win=Window(...), wrapWidth=1)
17.1336 	EXP 	Created pos1 = ImageStim(__class__=<class 'psychopy.visual.image.ImageStim'>, autoLog=True, color=array([1., 1., 1.]), colorSpace='rgb', contrast=1.0, depth=0.0, flipHoriz=False, flipVert=False, image='plainWhite.png', interpolate=True, mask=None, maskParams=None, name='pos1', opacity=1.0, ori=0.0, pos=array([0., 0.]), size=array([0.2, 0.2]), texRes=128, units='height', win=Window(...))
17.1364 	EXP 	Created pos2 = ImageStim(__class__=<class 'psychopy.visual.image.ImageStim'>, autoLog=True, color=array([1., 1., 1.]), colorSpace='rgb', contrast=1.0, depth=-1.0, flipHoriz=False, flipVert=False, image='plainWhite.png', interpolate=True, mask=None, maskParams=None, name='pos2', opacity=1.0, ori=0.0, pos=array([0., 0.]), size=array([0.2, 0.2]), texRes=128, units='height', win=Window(...))
17.1396 	EXP 	Created pos3 = ImageStim(__class__=<class 'psychopy.visual.image.ImageStim'>, autoLog=True, color=array([1., 1., 1.]), colorSpace='rgb', contrast=1.0, depth=-2.0, flipHoriz=False, flipVert=False, image='plainWhite.png', interpolate=True, mask=None, maskParams=None, name='pos3', opacity=1.0, ori=0.0, pos=array([0., 0.]), size=array([0.2, 0.2]), texRes=128, units='height', win=Window(...))
17.1430 	EXP 	Created pos4 = ImageStim(__class__=<class 'psychopy.visual.image.ImageStim'>, autoLog=True, color=array([1., 1., 1.]), colorSpace='rgb', contrast=1.0, depth=-3.0, flipHoriz=False, flipVert=False, image='plainWhite.png', interpolate=True, mask=None, maskParams=None, name='pos4', opacity=1.0, ori=0.0, pos=array([0., 0.]), size=array([0.2, 0.2]), texRes=128, units='height', win=Window(...))
17.1464 	EXP 	Created targImage = ImageStim(__class__=<class 'psychopy.visual.image.ImageStim'>, autoLog=True, color=array([1., 1., 1.]), colorSpace='rgb', contrast=1.0, depth=-4.0, flipHoriz=False, flipVert=False, image='tarX.png', interpolate=True, mask=None, maskParams=None, name='targImage', opacity=1.0, ori=0.0, pos=array([0., 0.]), size=array([0.2, 0.2]), texRes=128, units='height', win=Window(...))
17.2015 	EXP 	Created ready = TextStim(__class__=<class 'psychopy.visual.text.TextStim'>, alignHoriz=method-wrapper(...), alignText='center', alignVert=method-wrapper(...), anchorHoriz='center', anchorVert='center', antialias=True, autoLog=True, bold=False, color='white', colorSpace='named', contrast=1.0, depth=0.0, flipHoriz=False, flipVert=False, font='Arial', fontFiles=[], height=0.04, italic=False, languageStyle='LTR', name='ready', opacity=1.0, ori=0, pos=array([0., 0.]), rgb=array([255., 255., 255.]), text=str(...), units='height', win=Window(...), wrapWidth=1)
17.2373 	EXP 	Created pos1 = ImageStim(__class__=<class 'psychopy.visual.image.ImageStim'>, autoLog=True, color=array([1., 1., 1.]), colorSpace='rgb', contrast=1.0, depth=0.0, flipHoriz=False, flipVert=False, image='plainWhite.png', interpolate=True, mask=None, maskParams=None, name='pos1', opacity=1.0, ori=0.0, pos=array([0., 0.]), size=array([0.2, 0.2]), texRes=128, units='height', win=Window(...))
17.2404 	EXP 	Created pos2 = ImageStim(__class__=<class 'psychopy.visual.image.ImageStim'>, autoLog=True, color=array([1., 1., 1.]), colorSpace='rgb', contrast=1.0, depth=-1.0, flipHoriz=False, flipVert=False, image='plainWhite.png', interpolate=True, mask=None, maskParams=None, name='pos2', opacity=1.0, ori=0.0, pos=array([0., 0.]), size=array([0.2, 0.2]), texRes=128, units='height', win=Window(...))
17.2436 	EXP 	Created pos3 = ImageStim(__class__=<class 'psychopy.visual.image.ImageStim'>, autoLog=True, color=array([1., 1., 1.]), colorSpace='rgb', contrast=1.0, depth=-2.0, flipHoriz=False, flipVert=False, image='plainWhite.png', interpolate=True, mask=None, maskParams=None, name='pos3', opacity=1.0, ori=0.0, pos=array([0., 0.]), size=array([0.2, 0.2]), texRes=128, units='height', win=Window(...))
17.2465 	EXP 	Created pos4 = ImageStim(__class__=<class 'psychopy.visual.image.ImageStim'>, autoLog=True, color=array([1., 1., 1.]), colorSpace='rgb', contrast=1.0, depth=-3.0, flipHoriz=False, flipVert=False, image='plainWhite.png', interpolate=True, mask=None, maskParams=None, name='pos4', opacity=1.0, ori=0.0, pos=array([0., 0.]), size=array([0.2, 0.2]), texRes=128, units='height', win=Window(...))
17.2494 	EXP 	Created targImage = ImageStim(__class__=<class 'psychopy.visual.image.ImageStim'>, autoLog=True, color=array([1., 1., 1.]), colorSpace='rgb', contrast=1.0, depth=-4.0, flipHoriz=False, flipVert=False, image='tarX.png', interpolate=True, mask=None, maskParams=None, name='targImage', opacity=1.0, ori=0.0, pos=array([0., 0.]), size=array([0.2, 0.2]), texRes=128, units='height', win=Window(...))
17.3052 	EXP 	Created text = TextStim(__class__=<class 'psychopy.visual.text.TextStim'>, alignHoriz=method-wrapper(...), alignText='center', alignVert=method-wrapper(...), anchorHoriz='center', anchorVert='center', antialias=True, autoLog=True, bold=False, color='white', colorSpace='named', contrast=1.0, depth=0.0, flipHoriz=False, flipVert=False, font='Arial', fontFiles=[], height=0.05, italic=False, languageStyle='LTR', name='text', opacity=1.0, ori=0, pos=array([0., 0.]), rgb=array([255., 255., 255.]), text=str(...), units='height', win=Window(...), wrapWidth=1)
17.3209 	EXP 	instr: autoDraw = True
82.4353 	DATA 	Mouse: Left button down, pos=(1291,699)
82.4476 	EXP 	Imported srttPractice.xlsx as conditions, 8 conditions, 3 params
82.4479 	EXP 	Created sequence: random, trialTypes=8, nReps=1, seed=None
82.4482 	EXP 	New trial (rep=0, index=0): OrderedDict([('isi', 1), ('xPos', 0.375), ('corrAns', 'n')])
82.4671 	EXP 	instr: autoDraw = False
82.4671 	EXP 	pos1: pos = array([-0.375,  0.   ])
82.4671 	EXP 	pos2: pos = array([-0.125,  0.   ])
82.4671 	EXP 	pos3: pos = array([0.125, 0.   ])
82.4671 	EXP 	pos4: pos = array([0.375, 0.   ])
82.4671 	EXP 	targImage: pos = array([0.375, 0.   ])
82.4671 	EXP 	pos1: autoDraw = True
82.4671 	EXP 	pos2: autoDraw = True
82.4671 	EXP 	pos3: autoDraw = True
82.4671 	EXP 	pos4: autoDraw = True
82.5680 	DATA 	Mouse:  Left button up, pos=(1291,699)
83.4489 	EXP 	targImage: autoDraw = True
83.8502 	DATA 	Mouse: Left button down, pos=(1252,778)
83.9171 	DATA 	Mouse:  Left button up, pos=(1252,778)
85.4172 	DATA 	Mouse: Left button down, pos=(1231,498)
85.4209 	EXP 	New trial (rep=0, index=1): OrderedDict([('isi', 1), ('xPos', 0.375), ('corrAns', 'n')])
85.4336 	EXP 	pos1: autoDraw = False
85.4336 	EXP 	pos2: autoDraw = False
85.4336 	EXP 	pos3: autoDraw = False
85.4336 	EXP 	pos4: autoDraw = False
85.4336 	EXP 	targImage: autoDraw = False
85.4336 	EXP 	pos1: pos = array([-0.375,  0.   ])
85.4336 	EXP 	pos2: pos = array([-0.125,  0.   ])
85.4336 	EXP 	pos3: pos = array([0.125, 0.   ])
85.4336 	EXP 	pos4: pos = array([0.375, 0.   ])
85.4336 	EXP 	targImage: pos = array([0.375, 0.   ])
85.4336 	EXP 	pos1: autoDraw = True
85.4336 	EXP 	pos2: autoDraw = True
85.4336 	EXP 	pos3: autoDraw = True
85.4336 	EXP 	pos4: autoDraw = True
85.5190 	DATA 	Mouse:  Left button up, pos=(1232,498)
86.4166 	EXP 	targImage: autoDraw = True
86.7666 	DATA 	Mouse: Left button down, pos=(1231,524)
86.7687 	EXP 	New trial (rep=0, index=2): OrderedDict([('isi', 1), ('xPos', 0.125), ('corrAns', 'b')])
86.7825 	EXP 	pos1: autoDraw = False
86.7825 	EXP 	pos2: autoDraw = False
86.7825 	EXP 	pos3: autoDraw = False
86.7825 	EXP 	pos4: autoDraw = False
86.7825 	EXP 	targImage: autoDraw = False
86.7825 	EXP 	pos1: pos = array([-0.375,  0.   ])
86.7825 	EXP 	pos2: pos = array([-0.125,  0.   ])
86.7825 	EXP 	pos3: pos = array([0.125, 0.   ])
86.7825 	EXP 	pos4: pos = array([0.375, 0.   ])
86.7825 	EXP 	targImage: pos = array([0.125, 0.   ])
86.7825 	EXP 	pos1: autoDraw = True
86.7825 	EXP 	pos2: autoDraw = True
86.7825 	EXP 	pos3: autoDraw = True
86.7825 	EXP 	pos4: autoDraw = True
86.9010 	DATA 	Mouse:  Left button up, pos=(1231,524)
87.7659 	EXP 	targImage: autoDraw = True
88.3830 	DATA 	Mouse: Left button down, pos=(963,492)
88.3853 	EXP 	New trial (rep=0, index=3): OrderedDict([('isi', 1), ('xPos', -0.125), ('corrAns', 'v')])
88.3993 	EXP 	pos1: autoDraw = False
88.3993 	EXP 	pos2: autoDraw = False
88.3993 	EXP 	pos3: autoDraw = False
88.3993 	EXP 	pos4: autoDraw = False
88.3993 	EXP 	targImage: autoDraw = False
88.3993 	EXP 	pos1: pos = array([-0.375,  0.   ])
88.3993 	EXP 	pos2: pos = array([-0.125,  0.   ])
88.3993 	EXP 	pos3: pos = array([0.125, 0.   ])
88.3993 	EXP 	pos4: pos = array([0.375, 0.   ])
88.3993 	EXP 	targImage: pos = array([-0.125,  0.   ])
88.3993 	EXP 	pos1: autoDraw = True
88.3993 	EXP 	pos2: autoDraw = True
88.3993 	EXP 	pos3: autoDraw = True
88.3993 	EXP 	pos4: autoDraw = True
88.5189 	DATA 	Mouse:  Left button up, pos=(963,492)
89.3831 	EXP 	targImage: autoDraw = True
90.0346 	DATA 	Mouse: Left button down, pos=(755,499)
90.0383 	EXP 	New trial (rep=0, index=4): OrderedDict([('isi', 1), ('xPos', -0.375), ('corrAns', 'c')])
90.0491 	EXP 	pos1: autoDraw = False
90.0491 	EXP 	pos2: autoDraw = False
90.0491 	EXP 	pos3: autoDraw = False
90.0491 	EXP 	pos4: autoDraw = False
90.0491 	EXP 	targImage: autoDraw = False
90.0491 	EXP 	pos1: pos = array([-0.375,  0.   ])
90.0491 	EXP 	pos2: pos = array([-0.125,  0.   ])
90.0491 	EXP 	pos3: pos = array([0.125, 0.   ])
90.0491 	EXP 	pos4: pos = array([0.375, 0.   ])
90.0491 	EXP 	targImage: pos = array([-0.375,  0.   ])
90.0491 	EXP 	pos1: autoDraw = True
90.0491 	EXP 	pos2: autoDraw = True
90.0491 	EXP 	pos3: autoDraw = True
90.0491 	EXP 	pos4: autoDraw = True
90.1354 	DATA 	Mouse:  Left button up, pos=(754,499)
91.0331 	EXP 	targImage: autoDraw = True
91.3019 	DATA 	Mouse: Left button down, pos=(510,514)
91.3051 	EXP 	New trial (rep=0, index=5): OrderedDict([('isi', 1), ('xPos', -0.125), ('corrAns', 'v')])
91.3163 	EXP 	pos1: autoDraw = False
91.3163 	EXP 	pos2: autoDraw = False
91.3163 	EXP 	pos3: autoDraw = False
91.3163 	EXP 	pos4: autoDraw = False
91.3163 	EXP 	targImage: autoDraw = False
91.3163 	EXP 	pos1: pos = array([-0.375,  0.   ])
91.3163 	EXP 	pos2: pos = array([-0.125,  0.   ])
91.3163 	EXP 	pos3: pos = array([0.125, 0.   ])
91.3163 	EXP 	pos4: pos = array([0.375, 0.   ])
91.3163 	EXP 	targImage: pos = array([-0.125,  0.   ])
91.3163 	EXP 	pos1: autoDraw = True
91.3163 	EXP 	pos2: autoDraw = True
91.3163 	EXP 	pos3: autoDraw = True
91.3163 	EXP 	pos4: autoDraw = True
91.4182 	DATA 	Mouse:  Left button up, pos=(510,514)
92.2998 	EXP 	targImage: autoDraw = True
92.7171 	DATA 	Mouse: Left button down, pos=(780,537)
92.7200 	EXP 	New trial (rep=0, index=6): OrderedDict([('isi', 1), ('xPos', 0.125), ('corrAns', 'b')])
92.7329 	EXP 	pos1: autoDraw = False
92.7329 	EXP 	pos2: autoDraw = False
92.7329 	EXP 	pos3: autoDraw = False
92.7329 	EXP 	pos4: autoDraw = False
92.7329 	EXP 	targImage: autoDraw = False
92.7329 	EXP 	pos1: pos = array([-0.375,  0.   ])
92.7329 	EXP 	pos2: pos = array([-0.125,  0.   ])
92.7329 	EXP 	pos3: pos = array([0.125, 0.   ])
92.7329 	EXP 	pos4: pos = array([0.375, 0.   ])
92.7329 	EXP 	targImage: pos = array([0.125, 0.   ])
92.7329 	EXP 	pos1: autoDraw = True
92.7329 	EXP 	pos2: autoDraw = True
92.7329 	EXP 	pos3: autoDraw = True
92.7329 	EXP 	pos4: autoDraw = True
92.8512 	DATA 	Mouse:  Left button up, pos=(780,537)
93.7167 	EXP 	targImage: autoDraw = True
94.0676 	DATA 	Mouse: Left button down, pos=(940,533)
94.0708 	EXP 	New trial (rep=0, index=7): OrderedDict([('isi', 1), ('xPos', -0.375), ('corrAns', 'c')])
94.0831 	EXP 	pos1: autoDraw = False
94.0831 	EXP 	pos2: autoDraw = False
94.0831 	EXP 	pos3: autoDraw = False
94.0831 	EXP 	pos4: autoDraw = False
94.0831 	EXP 	targImage: autoDraw = False
94.0831 	EXP 	pos1: pos = array([-0.375,  0.   ])
94.0831 	EXP 	pos2: pos = array([-0.125,  0.   ])
94.0831 	EXP 	pos3: pos = array([0.125, 0.   ])
94.0831 	EXP 	pos4: pos = array([0.375, 0.   ])
94.0831 	EXP 	targImage: pos = array([-0.375,  0.   ])
94.0831 	EXP 	pos1: autoDraw = True
94.0831 	EXP 	pos2: autoDraw = True
94.0831 	EXP 	pos3: autoDraw = True
94.0831 	EXP 	pos4: autoDraw = True
94.1677 	DATA 	Mouse:  Left button up, pos=(940,532)
95.0658 	EXP 	targImage: autoDraw = True
95.8490 	DATA 	Mouse: Left button down, pos=(503,486)
95.8641 	EXP 	pos1: autoDraw = False
95.8641 	EXP 	pos2: autoDraw = False
95.8641 	EXP 	pos3: autoDraw = False
95.8641 	EXP 	pos4: autoDraw = False
95.8641 	EXP 	targImage: autoDraw = False
95.8641 	EXP 	ready: autoDraw = True
95.9329 	DATA 	Mouse:  Left button up, pos=(503,486)
99.4667 	DATA 	Mouse: Left button down, pos=(1191,552)
99.4755 	EXP 	Imported srttConditions.xlsx as conditions, 40 conditions, 3 params
99.4759 	EXP 	Created sequence: fullRandom, trialTypes=40, nReps=1, seed=None
99.4762 	EXP 	New trial (rep=0, index=0): OrderedDict([('isi', 2.3332), ('xPos', 0.375), ('corrAns', 'n')])
99.4887 	EXP 	ready: autoDraw = False
99.4887 	EXP 	pos1: pos = array([-0.375,  0.   ])
99.4887 	EXP 	pos2: pos = array([-0.125,  0.   ])
99.4887 	EXP 	pos3: pos = array([0.125, 0.   ])
99.4887 	EXP 	pos4: pos = array([0.375, 0.   ])
99.4887 	EXP 	targImage: pos = array([0.375, 0.   ])
99.4887 	EXP 	pos1: autoDraw = True
99.4887 	EXP 	pos2: autoDraw = True
99.4887 	EXP 	pos3: autoDraw = True
99.4887 	EXP 	pos4: autoDraw = True
99.6010 	DATA 	Mouse:  Left button up, pos=(1191,552)
101.8159 	EXP 	targImage: autoDraw = True
102.4328 	DATA 	Mouse: Left button down, pos=(1193,524)
102.4364 	EXP 	New trial (rep=0, index=1): OrderedDict([('isi', 2.7776), ('xPos', -0.375), ('corrAns', 'c')])
102.4480 	EXP 	pos1: autoDraw = False
102.4480 	EXP 	pos2: autoDraw = False
102.4480 	EXP 	pos3: autoDraw = False
102.4480 	EXP 	pos4: autoDraw = False
102.4480 	EXP 	targImage: autoDraw = False
102.4480 	EXP 	pos1: pos = array([-0.375,  0.   ])
102.4480 	EXP 	pos2: pos = array([-0.125,  0.   ])
102.4480 	EXP 	pos3: pos = array([0.125, 0.   ])
102.4480 	EXP 	pos4: pos = array([0.375, 0.   ])
102.4480 	EXP 	targImage: pos = array([-0.375,  0.   ])
102.4480 	EXP 	pos1: autoDraw = True
102.4480 	EXP 	pos2: autoDraw = True
102.4480 	EXP 	pos3: autoDraw = True
102.4480 	EXP 	pos4: autoDraw = True
102.5164 	DATA 	Mouse:  Left button up, pos=(1195,525)
105.2156 	EXP 	targImage: autoDraw = True
105.9346 	DATA 	Mouse: Left button down, pos=(543,499)
105.9527 	EXP 	New trial (rep=0, index=2): OrderedDict([('isi', 1.4444), ('xPos', -0.375), ('corrAns', 'c')])
105.9652 	EXP 	pos1: autoDraw = False
105.9652 	EXP 	pos2: autoDraw = False
105.9652 	EXP 	pos3: autoDraw = False
105.9652 	EXP 	pos4: autoDraw = False
105.9652 	EXP 	targImage: autoDraw = False
105.9652 	EXP 	pos1: pos = array([-0.375,  0.   ])
105.9652 	EXP 	pos2: pos = array([-0.125,  0.   ])
105.9652 	EXP 	pos3: pos = array([0.125, 0.   ])
105.9652 	EXP 	pos4: pos = array([0.375, 0.   ])
105.9652 	EXP 	targImage: pos = array([-0.375,  0.   ])
105.9652 	EXP 	pos1: autoDraw = True
105.9652 	EXP 	pos2: autoDraw = True
105.9652 	EXP 	pos3: autoDraw = True
105.9652 	EXP 	pos4: autoDraw = True
106.0512 	DATA 	Mouse:  Left button up, pos=(536,497)
107.3984 	EXP 	targImage: autoDraw = True
108.1167 	DATA 	Mouse: Left button down, pos=(470,522)
108.1347 	EXP 	New trial (rep=0, index=3): OrderedDict([('isi', 1.6666), ('xPos', 0.375), ('corrAns', 'n')])
108.1483 	EXP 	pos1: autoDraw = False
108.1483 	EXP 	pos2: autoDraw = False
108.1483 	EXP 	pos3: autoDraw = False
108.1483 	EXP 	pos4: autoDraw = False
108.1483 	EXP 	targImage: autoDraw = False
108.1483 	EXP 	pos1: pos = array([-0.375,  0.   ])
108.1483 	EXP 	pos2: pos = array([-0.125,  0.   ])
108.1483 	EXP 	pos3: pos = array([0.125, 0.   ])
108.1483 	EXP 	pos4: pos = array([0.375, 0.   ])
108.1483 	EXP 	targImage: pos = array([0.375, 0.   ])
108.1483 	EXP 	pos1: autoDraw = True
108.1483 	EXP 	pos2: autoDraw = True
108.1483 	EXP 	pos3: autoDraw = True
108.1483 	EXP 	pos4: autoDraw = True
108.2322 	DATA 	Mouse:  Left button up, pos=(469,522)
109.7993 	EXP 	targImage: autoDraw = True
110.4329 	DATA 	Mouse: Left button down, pos=(1163,581)
110.4368 	EXP 	New trial (rep=0, index=4): OrderedDict([('isi', 2.5554), ('xPos', 0.125), ('corrAns', 'b')])
110.4481 	EXP 	pos1: autoDraw = False
110.4481 	EXP 	pos2: autoDraw = False
110.4481 	EXP 	pos3: autoDraw = False
110.4481 	EXP 	pos4: autoDraw = False
110.4481 	EXP 	targImage: autoDraw = False
110.4481 	EXP 	pos1: pos = array([-0.375,  0.   ])
110.4481 	EXP 	pos2: pos = array([-0.125,  0.   ])
110.4481 	EXP 	pos3: pos = array([0.125, 0.   ])
110.4481 	EXP 	pos4: pos = array([0.375, 0.   ])
110.4481 	EXP 	targImage: pos = array([0.125, 0.   ])
110.4481 	EXP 	pos1: autoDraw = True
110.4481 	EXP 	pos2: autoDraw = True
110.4481 	EXP 	pos3: autoDraw = True
110.4481 	EXP 	pos4: autoDraw = True
110.5489 	DATA 	Mouse:  Left button up, pos=(1168,581)
112.9988 	EXP 	targImage: autoDraw = True
113.3828 	DATA 	Mouse: Left button down, pos=(922,542)
113.3863 	EXP 	New trial (rep=0, index=5): OrderedDict([('isi', 1.2222), ('xPos', 0.125), ('corrAns', 'b')])
113.3989 	EXP 	pos1: autoDraw = False
113.3989 	EXP 	pos2: autoDraw = False
113.3989 	EXP 	pos3: autoDraw = False
113.3989 	EXP 	pos4: autoDraw = False
113.3989 	EXP 	targImage: autoDraw = False
113.3989 	EXP 	pos1: pos = array([-0.375,  0.   ])
113.3989 	EXP 	pos2: pos = array([-0.125,  0.   ])
113.3989 	EXP 	pos3: pos = array([0.125, 0.   ])
113.3989 	EXP 	pos4: pos = array([0.375, 0.   ])
113.3989 	EXP 	targImage: pos = array([0.125, 0.   ])
113.3989 	EXP 	pos1: autoDraw = True
113.3989 	EXP 	pos2: autoDraw = True
113.3989 	EXP 	pos3: autoDraw = True
113.3989 	EXP 	pos4: autoDraw = True
113.4835 	DATA 	Mouse:  Left button up, pos=(922,542)
114.5981 	EXP 	targImage: autoDraw = True
114.9840 	DATA 	Mouse: Left button down, pos=(905,547)
114.9873 	EXP 	New trial (rep=0, index=6): OrderedDict([('isi', 1.6666), ('xPos', 0.125), ('corrAns', 'b')])
114.9992 	EXP 	pos1: autoDraw = False
114.9992 	EXP 	pos2: autoDraw = False
114.9992 	EXP 	pos3: autoDraw = False
114.9992 	EXP 	pos4: autoDraw = False
114.9992 	EXP 	targImage: autoDraw = False
114.9992 	EXP 	pos1: pos = array([-0.375,  0.   ])
114.9992 	EXP 	pos2: pos = array([-0.125,  0.   ])
114.9992 	EXP 	pos3: pos = array([0.125, 0.   ])
114.9992 	EXP 	pos4: pos = array([0.375, 0.   ])
114.9992 	EXP 	targImage: pos = array([0.125, 0.   ])
114.9992 	EXP 	pos1: autoDraw = True
114.9992 	EXP 	pos2: autoDraw = True
114.9992 	EXP 	pos3: autoDraw = True
114.9992 	EXP 	pos4: autoDraw = True
115.0843 	DATA 	Mouse:  Left button up, pos=(905,547)
116.6488 	EXP 	targImage: autoDraw = True
117.0490 	DATA 	Mouse: Left button down, pos=(884,546)
117.0511 	EXP 	New trial (rep=0, index=7): OrderedDict([('isi', 1.4444), ('xPos', -0.125), ('corrAns', 'v')])
117.0642 	EXP 	pos1: autoDraw = False
117.0642 	EXP 	pos2: autoDraw = False
117.0642 	EXP 	pos3: autoDraw = False
117.0642 	EXP 	pos4: autoDraw = False
117.0642 	EXP 	targImage: autoDraw = False
117.0642 	EXP 	pos1: pos = array([-0.375,  0.   ])
117.0642 	EXP 	pos2: pos = array([-0.125,  0.   ])
117.0642 	EXP 	pos3: pos = array([0.125, 0.   ])
117.0642 	EXP 	pos4: pos = array([0.375, 0.   ])
117.0642 	EXP 	targImage: pos = array([-0.125,  0.   ])
117.0642 	EXP 	pos1: autoDraw = True
117.0642 	EXP 	pos2: autoDraw = True
117.0642 	EXP 	pos3: autoDraw = True
117.0642 	EXP 	pos4: autoDraw = True
117.1833 	DATA 	Mouse:  Left button up, pos=(884,546)
118.4977 	EXP 	targImage: autoDraw = True
118.9170 	DATA 	Mouse: Left button down, pos=(745,541)
118.9202 	EXP 	New trial (rep=0, index=8): OrderedDict([('isi', 2.7776), ('xPos', 0.125), ('corrAns', 'b')])
118.9308 	EXP 	pos1: autoDraw = False
118.9308 	EXP 	pos2: autoDraw = False
118.9308 	EXP 	pos3: autoDraw = False
118.9308 	EXP 	pos4: autoDraw = False
118.9308 	EXP 	targImage: autoDraw = False
118.9308 	EXP 	pos1: pos = array([-0.375,  0.   ])
118.9308 	EXP 	pos2: pos = array([-0.125,  0.   ])
118.9308 	EXP 	pos3: pos = array([0.125, 0.   ])
118.9308 	EXP 	pos4: pos = array([0.375, 0.   ])
118.9308 	EXP 	targImage: pos = array([0.125, 0.   ])
118.9308 	EXP 	pos1: autoDraw = True
118.9308 	EXP 	pos2: autoDraw = True
118.9308 	EXP 	pos3: autoDraw = True
118.9308 	EXP 	pos4: autoDraw = True
119.0332 	DATA 	Mouse:  Left button up, pos=(745,541)
121.6975 	EXP 	targImage: autoDraw = True
122.2165 	DATA 	Mouse: Left button down, pos=(895,557)
122.2202 	EXP 	New trial (rep=0, index=9): OrderedDict([('isi', 1.6666), ('xPos', -0.375), ('corrAns', 'c')])
122.2315 	EXP 	pos1: autoDraw = False
122.2315 	EXP 	pos2: autoDraw = False
122.2315 	EXP 	pos3: autoDraw = False
122.2315 	EXP 	pos4: autoDraw = False
122.2315 	EXP 	targImage: autoDraw = False
122.2315 	EXP 	pos1: pos = array([-0.375,  0.   ])
122.2315 	EXP 	pos2: pos = array([-0.125,  0.   ])
122.2315 	EXP 	pos3: pos = array([0.125, 0.   ])
122.2315 	EXP 	pos4: pos = array([0.375, 0.   ])
122.2315 	EXP 	targImage: pos = array([-0.375,  0.   ])
122.2315 	EXP 	pos1: autoDraw = True
122.2315 	EXP 	pos2: autoDraw = True
122.2315 	EXP 	pos3: autoDraw = True
122.2315 	EXP 	pos4: autoDraw = True
122.3317 	DATA 	Mouse:  Left button up, pos=(905,555)
123.8811 	EXP 	targImage: autoDraw = True
124.5318 	DATA 	Mouse: Left button down, pos=(517,529)
124.5343 	EXP 	New trial (rep=0, index=10): OrderedDict([('isi', 1.2222), ('xPos', -0.375), ('corrAns', 'c')])
124.5473 	EXP 	pos1: autoDraw = False
124.5473 	EXP 	pos2: autoDraw = False
124.5473 	EXP 	pos3: autoDraw = False
124.5473 	EXP 	pos4: autoDraw = False
124.5473 	EXP 	targImage: autoDraw = False
124.5473 	EXP 	pos1: pos = array([-0.375,  0.   ])
124.5473 	EXP 	pos2: pos = array([-0.125,  0.   ])
124.5473 	EXP 	pos3: pos = array([0.125, 0.   ])
124.5473 	EXP 	pos4: pos = array([0.375, 0.   ])
124.5473 	EXP 	targImage: pos = array([-0.375,  0.   ])
124.5473 	EXP 	pos1: autoDraw = True
124.5473 	EXP 	pos2: autoDraw = True
124.5473 	EXP 	pos3: autoDraw = True
124.5473 	EXP 	pos4: autoDraw = True
124.6510 	DATA 	Mouse:  Left button up, pos=(514,526)
125.7481 	EXP 	targImage: autoDraw = True
126.4659 	DATA 	Mouse: Left button down, pos=(505,521)
126.4695 	EXP 	New trial (rep=0, index=11): OrderedDict([('isi', 2.111), ('xPos', -0.375), ('corrAns', 'c')])
126.4817 	EXP 	pos1: autoDraw = False
126.4817 	EXP 	pos2: autoDraw = False
126.4817 	EXP 	pos3: autoDraw = False
126.4817 	EXP 	pos4: autoDraw = False
126.4817 	EXP 	targImage: autoDraw = False
126.4817 	EXP 	pos1: pos = array([-0.375,  0.   ])
126.4817 	EXP 	pos2: pos = array([-0.125,  0.   ])
126.4817 	EXP 	pos3: pos = array([0.125, 0.   ])
126.4817 	EXP 	pos4: pos = array([0.375, 0.   ])
126.4817 	EXP 	targImage: pos = array([-0.375,  0.   ])
126.4817 	EXP 	pos1: autoDraw = True
126.4817 	EXP 	pos2: autoDraw = True
126.4817 	EXP 	pos3: autoDraw = True
126.4817 	EXP 	pos4: autoDraw = True
126.5657 	DATA 	Mouse:  Left button up, pos=(504,521)
128.5813 	EXP 	targImage: autoDraw = True
128.9993 	DATA 	Mouse: Left button down, pos=(599,523)
129.0981 	DATA 	Mouse:  Left button up, pos=(559,513)
129.4495 	DATA 	Mouse: Left button down, pos=(388,517)
129.4527 	EXP 	New trial (rep=0, index=12): OrderedDict([('isi', 2.5554), ('xPos', -0.375), ('corrAns', 'c')])
129.4638 	EXP 	pos1: autoDraw = False
129.4638 	EXP 	pos2: autoDraw = False
129.4638 	EXP 	pos3: autoDraw = False
129.4638 	EXP 	pos4: autoDraw = False
129.4638 	EXP 	targImage: autoDraw = False
129.4638 	EXP 	pos1: pos = array([-0.375,  0.   ])
129.4638 	EXP 	pos2: pos = array([-0.125,  0.   ])
129.4638 	EXP 	pos3: pos = array([0.125, 0.   ])
129.4638 	EXP 	pos4: pos = array([0.375, 0.   ])
129.4638 	EXP 	targImage: pos = array([-0.375,  0.   ])
129.4638 	EXP 	pos1: autoDraw = True
129.4638 	EXP 	pos2: autoDraw = True
129.4638 	EXP 	pos3: autoDraw = True
129.4638 	EXP 	pos4: autoDraw = True
129.5819 	DATA 	Mouse:  Left button up, pos=(390,518)
132.0152 	EXP 	targImage: autoDraw = True
132.7489 	DATA 	Mouse: Left button down, pos=(445,529)
132.7524 	EXP 	New trial (rep=0, index=13): OrderedDict([('isi', 2.7776), ('xPos', 0.375), ('corrAns', 'n')])
132.7641 	EXP 	pos1: autoDraw = False
132.7641 	EXP 	pos2: autoDraw = False
132.7641 	EXP 	pos3: autoDraw = False
132.7641 	EXP 	pos4: autoDraw = False
132.7641 	EXP 	targImage: autoDraw = False
132.7641 	EXP 	pos1: pos = array([-0.375,  0.   ])
132.7641 	EXP 	pos2: pos = array([-0.125,  0.   ])
132.7641 	EXP 	pos3: pos = array([0.125, 0.   ])
132.7641 	EXP 	pos4: pos = array([0.375, 0.   ])
132.7641 	EXP 	targImage: pos = array([0.375, 0.   ])
132.7641 	EXP 	pos1: autoDraw = True
132.7641 	EXP 	pos2: autoDraw = True
132.7641 	EXP 	pos3: autoDraw = True
132.7641 	EXP 	pos4: autoDraw = True
132.8659 	DATA 	Mouse:  Left button up, pos=(445,529)
135.5306 	EXP 	targImage: autoDraw = True
136.1655 	DATA 	Mouse: Left button down, pos=(1237,578)
136.1694 	EXP 	New trial (rep=0, index=14): OrderedDict([('isi', 2.5554), ('xPos', -0.125), ('corrAns', 'v')])
136.1805 	EXP 	pos1: autoDraw = False
136.1805 	EXP 	pos2: autoDraw = False
136.1805 	EXP 	pos3: autoDraw = False
136.1805 	EXP 	pos4: autoDraw = False
136.1805 	EXP 	targImage: autoDraw = False
136.1805 	EXP 	pos1: pos = array([-0.375,  0.   ])
136.1805 	EXP 	pos2: pos = array([-0.125,  0.   ])
136.1805 	EXP 	pos3: pos = array([0.125, 0.   ])
136.1805 	EXP 	pos4: pos = array([0.375, 0.   ])
136.1805 	EXP 	targImage: pos = array([-0.125,  0.   ])
136.1805 	EXP 	pos1: autoDraw = True
136.1805 	EXP 	pos2: autoDraw = True
136.1805 	EXP 	pos3: autoDraw = True
136.1805 	EXP 	pos4: autoDraw = True
136.2488 	DATA 	Mouse:  Left button up, pos=(1242,578)
138.7301 	EXP 	targImage: autoDraw = True
139.1316 	DATA 	Mouse: Left button down, pos=(785,515)
139.1348 	EXP 	New trial (rep=0, index=15): OrderedDict([('isi', 1.2222), ('xPos', 0.375), ('corrAns', 'n')])
139.1482 	EXP 	pos1: autoDraw = False
139.1482 	EXP 	pos2: autoDraw = False
139.1482 	EXP 	pos3: autoDraw = False
139.1482 	EXP 	pos4: autoDraw = False
139.1482 	EXP 	targImage: autoDraw = False
139.1482 	EXP 	pos1: pos = array([-0.375,  0.   ])
139.1482 	EXP 	pos2: pos = array([-0.125,  0.   ])
139.1482 	EXP 	pos3: pos = array([0.125, 0.   ])
139.1482 	EXP 	pos4: pos = array([0.375, 0.   ])
139.1482 	EXP 	targImage: pos = array([0.375, 0.   ])
139.1482 	EXP 	pos1: autoDraw = True
139.1482 	EXP 	pos2: autoDraw = True
139.1482 	EXP 	pos3: autoDraw = True
139.1482 	EXP 	pos4: autoDraw = True
139.2495 	DATA 	Mouse:  Left button up, pos=(785,515)
140.3479 	EXP 	targImage: autoDraw = True
141.1159 	DATA 	Mouse: Left button down, pos=(1148,554)
141.1192 	EXP 	New trial (rep=0, index=16): OrderedDict([('isi', 1.0), ('xPos', -0.375), ('corrAns', 'c')])
141.1310 	EXP 	pos1: autoDraw = False
141.1310 	EXP 	pos2: autoDraw = False
141.1310 	EXP 	pos3: autoDraw = False
141.1310 	EXP 	pos4: autoDraw = False
141.1310 	EXP 	targImage: autoDraw = False
141.1310 	EXP 	pos1: pos = array([-0.375,  0.   ])
141.1310 	EXP 	pos2: pos = array([-0.125,  0.   ])
141.1310 	EXP 	pos3: pos = array([0.125, 0.   ])
141.1310 	EXP 	pos4: pos = array([0.375, 0.   ])
141.1310 	EXP 	targImage: pos = array([-0.375,  0.   ])
141.1310 	EXP 	pos1: autoDraw = True
141.1310 	EXP 	pos2: autoDraw = True
141.1310 	EXP 	pos3: autoDraw = True
141.1310 	EXP 	pos4: autoDraw = True
141.2152 	DATA 	Mouse:  Left button up, pos=(1148,554)
142.1138 	EXP 	targImage: autoDraw = True
142.8306 	DATA 	Mouse: Left button down, pos=(465,497)
142.8329 	EXP 	New trial (rep=0, index=17): OrderedDict([('isi', 1.4444), ('xPos', 0.125), ('corrAns', 'b')])
142.8462 	EXP 	pos1: autoDraw = False
142.8462 	EXP 	pos2: autoDraw = False
142.8462 	EXP 	pos3: autoDraw = False
142.8462 	EXP 	pos4: autoDraw = False
142.8462 	EXP 	targImage: autoDraw = False
142.8462 	EXP 	pos1: pos = array([-0.375,  0.   ])
142.8462 	EXP 	pos2: pos = array([-0.125,  0.   ])
142.8462 	EXP 	pos3: pos = array([0.125, 0.   ])
142.8462 	EXP 	pos4: pos = array([0.375, 0.   ])
142.8462 	EXP 	targImage: pos = array([0.125, 0.   ])
142.8462 	EXP 	pos1: autoDraw = True
142.8462 	EXP 	pos2: autoDraw = True
142.8462 	EXP 	pos3: autoDraw = True
142.8462 	EXP 	pos4: autoDraw = True
142.9478 	DATA 	Mouse:  Left button up, pos=(465,497)
144.2803 	EXP 	targImage: autoDraw = True
144.7136 	DATA 	Mouse: Left button down, pos=(926,549)
144.7162 	EXP 	New trial (rep=0, index=18): OrderedDict([('isi', 1.0), ('xPos', 0.125), ('corrAns', 'b')])
144.7306 	EXP 	pos1: autoDraw = False
144.7306 	EXP 	pos2: autoDraw = False
144.7306 	EXP 	pos3: autoDraw = False
144.7306 	EXP 	pos4: autoDraw = False
144.7306 	EXP 	targImage: autoDraw = False
144.7306 	EXP 	pos1: pos = array([-0.375,  0.   ])
144.7306 	EXP 	pos2: pos = array([-0.125,  0.   ])
144.7306 	EXP 	pos3: pos = array([0.125, 0.   ])
144.7306 	EXP 	pos4: pos = array([0.375, 0.   ])
144.7306 	EXP 	targImage: pos = array([0.125, 0.   ])
144.7306 	EXP 	pos1: autoDraw = True
144.7306 	EXP 	pos2: autoDraw = True
144.7306 	EXP 	pos3: autoDraw = True
144.7306 	EXP 	pos4: autoDraw = True
144.8317 	DATA 	Mouse:  Left button up, pos=(927,549)
145.7136 	EXP 	targImage: autoDraw = True
146.1314 	DATA 	Mouse: Left button down, pos=(910,527)
146.1347 	EXP 	New trial (rep=0, index=19): OrderedDict([('isi', 1.4444), ('xPos', 0.375), ('corrAns', 'n')])
146.1479 	EXP 	pos1: autoDraw = False
146.1479 	EXP 	pos2: autoDraw = False
146.1479 	EXP 	pos3: autoDraw = False
146.1479 	EXP 	pos4: autoDraw = False
146.1479 	EXP 	targImage: autoDraw = False
146.1479 	EXP 	pos1: pos = array([-0.375,  0.   ])
146.1479 	EXP 	pos2: pos = array([-0.125,  0.   ])
146.1479 	EXP 	pos3: pos = array([0.125, 0.   ])
146.1479 	EXP 	pos4: pos = array([0.375, 0.   ])
146.1479 	EXP 	targImage: pos = array([0.375, 0.   ])
146.1479 	EXP 	pos1: autoDraw = True
146.1479 	EXP 	pos2: autoDraw = True
146.1479 	EXP 	pos3: autoDraw = True
146.1479 	EXP 	pos4: autoDraw = True
146.2491 	DATA 	Mouse:  Left button up, pos=(910,527)
147.5809 	EXP 	targImage: autoDraw = True
148.2992 	DATA 	Mouse: Left button down, pos=(1170,546)
148.3031 	EXP 	New trial (rep=0, index=20): OrderedDict([('isi', 1.8888), ('xPos', 0.375), ('corrAns', 'n')])
148.3137 	EXP 	pos1: autoDraw = False
148.3137 	EXP 	pos2: autoDraw = False
148.3137 	EXP 	pos3: autoDraw = False
148.3137 	EXP 	pos4: autoDraw = False
148.3137 	EXP 	targImage: autoDraw = False
148.3137 	EXP 	pos1: pos = array([-0.375,  0.   ])
148.3137 	EXP 	pos2: pos = array([-0.125,  0.   ])
148.3137 	EXP 	pos3: pos = array([0.125, 0.   ])
148.3137 	EXP 	pos4: pos = array([0.375, 0.   ])
148.3137 	EXP 	targImage: pos = array([0.375, 0.   ])
148.3137 	EXP 	pos1: autoDraw = True
148.3137 	EXP 	pos2: autoDraw = True
148.3137 	EXP 	pos3: autoDraw = True
148.3137 	EXP 	pos4: autoDraw = True
148.3983 	DATA 	Mouse:  Left button up, pos=(1174,546)
150.1967 	EXP 	targImage: autoDraw = True
150.8987 	DATA 	Mouse: Left button down, pos=(1173,558)
150.9027 	EXP 	New trial (rep=0, index=21): OrderedDict([('isi', 1.2222), ('xPos', -0.125), ('corrAns', 'v')])
150.9135 	EXP 	pos1: autoDraw = False
150.9135 	EXP 	pos2: autoDraw = False
150.9135 	EXP 	pos3: autoDraw = False
150.9135 	EXP 	pos4: autoDraw = False
150.9135 	EXP 	targImage: autoDraw = False
150.9135 	EXP 	pos1: pos = array([-0.375,  0.   ])
150.9135 	EXP 	pos2: pos = array([-0.125,  0.   ])
150.9135 	EXP 	pos3: pos = array([0.125, 0.   ])
150.9135 	EXP 	pos4: pos = array([0.375, 0.   ])
150.9135 	EXP 	targImage: pos = array([-0.125,  0.   ])
150.9135 	EXP 	pos1: autoDraw = True
150.9135 	EXP 	pos2: autoDraw = True
150.9135 	EXP 	pos3: autoDraw = True
150.9135 	EXP 	pos4: autoDraw = True
150.9993 	DATA 	Mouse:  Left button up, pos=(1175,558)
152.1310 	EXP 	targImage: autoDraw = True
152.6326 	DATA 	Mouse: Left button down, pos=(769,513)
152.6361 	EXP 	New trial (rep=0, index=22): OrderedDict([('isi', 2.3332), ('xPos', -0.125), ('corrAns', 'v')])
152.6470 	EXP 	pos1: autoDraw = False
152.6470 	EXP 	pos2: autoDraw = False
152.6470 	EXP 	pos3: autoDraw = False
152.6470 	EXP 	pos4: autoDraw = False
152.6470 	EXP 	targImage: autoDraw = False
152.6470 	EXP 	pos1: pos = array([-0.375,  0.   ])
152.6470 	EXP 	pos2: pos = array([-0.125,  0.   ])
152.6470 	EXP 	pos3: pos = array([0.125, 0.   ])
152.6470 	EXP 	pos4: pos = array([0.375, 0.   ])
152.6470 	EXP 	targImage: pos = array([-0.125,  0.   ])
152.6470 	EXP 	pos1: autoDraw = True
152.6470 	EXP 	pos2: autoDraw = True
152.6470 	EXP 	pos3: autoDraw = True
152.6470 	EXP 	pos4: autoDraw = True
152.7496 	DATA 	Mouse:  Left button up, pos=(769,513)
154.9639 	EXP 	targImage: autoDraw = True
155.3326 	DATA 	Mouse: Left button down, pos=(737,518)
155.3360 	EXP 	New trial (rep=0, index=23): OrderedDict([('isi', 2.7776), ('xPos', -0.125), ('corrAns', 'v')])
155.3466 	EXP 	pos1: autoDraw = False
155.3466 	EXP 	pos2: autoDraw = False
155.3466 	EXP 	pos3: autoDraw = False
155.3466 	EXP 	pos4: autoDraw = False
155.3466 	EXP 	targImage: autoDraw = False
155.3466 	EXP 	pos1: pos = array([-0.375,  0.   ])
155.3466 	EXP 	pos2: pos = array([-0.125,  0.   ])
155.3466 	EXP 	pos3: pos = array([0.125, 0.   ])
155.3466 	EXP 	pos4: pos = array([0.375, 0.   ])
155.3466 	EXP 	targImage: pos = array([-0.125,  0.   ])
155.3466 	EXP 	pos1: autoDraw = True
155.3466 	EXP 	pos2: autoDraw = True
155.3466 	EXP 	pos3: autoDraw = True
155.3466 	EXP 	pos4: autoDraw = True
155.4162 	DATA 	Mouse:  Left button up, pos=(737,518)
158.1137 	EXP 	targImage: autoDraw = True
158.6491 	DATA 	Mouse: Left button down, pos=(793,526)
158.6525 	EXP 	New trial (rep=0, index=24): OrderedDict([('isi', 2.111), ('xPos', 0.375), ('corrAns', 'n')])
158.6633 	EXP 	pos1: autoDraw = False
158.6633 	EXP 	pos2: autoDraw = False
158.6633 	EXP 	pos3: autoDraw = False
158.6633 	EXP 	pos4: autoDraw = False
158.6633 	EXP 	targImage: autoDraw = False
158.6633 	EXP 	pos1: pos = array([-0.375,  0.   ])
158.6633 	EXP 	pos2: pos = array([-0.125,  0.   ])
158.6633 	EXP 	pos3: pos = array([0.125, 0.   ])
158.6633 	EXP 	pos4: pos = array([0.375, 0.   ])
158.6633 	EXP 	targImage: pos = array([0.375, 0.   ])
158.6633 	EXP 	pos1: autoDraw = True
158.6633 	EXP 	pos2: autoDraw = True
158.6633 	EXP 	pos3: autoDraw = True
158.6633 	EXP 	pos4: autoDraw = True
158.7483 	DATA 	Mouse:  Left button up, pos=(793,526)
160.7638 	EXP 	targImage: autoDraw = True
161.4474 	DATA 	Mouse: Left button down, pos=(1181,569)
161.4510 	EXP 	New trial (rep=0, index=25): OrderedDict([('isi', 1.8888), ('xPos', 0.125), ('corrAns', 'b')])
161.4640 	EXP 	pos1: autoDraw = False
161.4640 	EXP 	pos2: autoDraw = False
161.4640 	EXP 	pos3: autoDraw = False
161.4640 	EXP 	pos4: autoDraw = False
161.4640 	EXP 	targImage: autoDraw = False
161.4640 	EXP 	pos1: pos = array([-0.375,  0.   ])
161.4640 	EXP 	pos2: pos = array([-0.125,  0.   ])
161.4640 	EXP 	pos3: pos = array([0.125, 0.   ])
161.4640 	EXP 	pos4: pos = array([0.375, 0.   ])
161.4640 	EXP 	targImage: pos = array([0.125, 0.   ])
161.4640 	EXP 	pos1: autoDraw = True
161.4640 	EXP 	pos2: autoDraw = True
161.4640 	EXP 	pos3: autoDraw = True
161.4640 	EXP 	pos4: autoDraw = True
161.5655 	DATA 	Mouse:  Left button up, pos=(1186,569)
163.3305 	EXP 	targImage: autoDraw = True
163.7489 	DATA 	Mouse: Left button down, pos=(898,536)
163.7520 	EXP 	New trial (rep=0, index=26): OrderedDict([('isi', 2.9998), ('xPos', -0.375), ('corrAns', 'c')])
163.7638 	EXP 	pos1: autoDraw = False
163.7638 	EXP 	pos2: autoDraw = False
163.7638 	EXP 	pos3: autoDraw = False
163.7638 	EXP 	pos4: autoDraw = False
163.7638 	EXP 	targImage: autoDraw = False
163.7638 	EXP 	pos1: pos = array([-0.375,  0.   ])
163.7638 	EXP 	pos2: pos = array([-0.125,  0.   ])
163.7638 	EXP 	pos3: pos = array([0.125, 0.   ])
163.7638 	EXP 	pos4: pos = array([0.375, 0.   ])
163.7638 	EXP 	targImage: pos = array([-0.375,  0.   ])
163.7638 	EXP 	pos1: autoDraw = True
163.7638 	EXP 	pos2: autoDraw = True
163.7638 	EXP 	pos3: autoDraw = True
163.7638 	EXP 	pos4: autoDraw = True
163.8652 	DATA 	Mouse:  Left button up, pos=(898,536)
166.7469 	EXP 	targImage: autoDraw = True
167.3974 	DATA 	Mouse: Left button down, pos=(341,491)
167.4984 	DATA 	Mouse:  Left button up, pos=(346,491)
167.6655 	DATA 	Mouse: Left button down, pos=(409,504)
167.6690 	EXP 	New trial (rep=0, index=27): OrderedDict([('isi', 2.9998), ('xPos', -0.125), ('corrAns', 'v')])
167.6794 	EXP 	pos1: autoDraw = False
167.6794 	EXP 	pos2: autoDraw = False
167.6794 	EXP 	pos3: autoDraw = False
167.6794 	EXP 	pos4: autoDraw = False
167.6794 	EXP 	targImage: autoDraw = False
167.6794 	EXP 	pos1: pos = array([-0.375,  0.   ])
167.6794 	EXP 	pos2: pos = array([-0.125,  0.   ])
167.6794 	EXP 	pos3: pos = array([0.125, 0.   ])
167.6794 	EXP 	pos4: pos = array([0.375, 0.   ])
167.6794 	EXP 	targImage: pos = array([-0.125,  0.   ])
167.6794 	EXP 	pos1: autoDraw = True
167.6794 	EXP 	pos2: autoDraw = True
167.6794 	EXP 	pos3: autoDraw = True
167.6794 	EXP 	pos4: autoDraw = True
167.7650 	DATA 	Mouse:  Left button up, pos=(410,504)
170.6642 	EXP 	targImage: autoDraw = True
171.1815 	DATA 	Mouse: Left button down, pos=(759,536)
171.1851 	EXP 	New trial (rep=0, index=28): OrderedDict([('isi', 2.111), ('xPos', 0.125), ('corrAns', 'b')])
171.1968 	EXP 	pos1: autoDraw = False
171.1968 	EXP 	pos2: autoDraw = False
171.1968 	EXP 	pos3: autoDraw = False
171.1968 	EXP 	pos4: autoDraw = False
171.1968 	EXP 	targImage: autoDraw = False
171.1968 	EXP 	pos1: pos = array([-0.375,  0.   ])
171.1968 	EXP 	pos2: pos = array([-0.125,  0.   ])
171.1968 	EXP 	pos3: pos = array([0.125, 0.   ])
171.1968 	EXP 	pos4: pos = array([0.375, 0.   ])
171.1968 	EXP 	targImage: pos = array([0.125, 0.   ])
171.1968 	EXP 	pos1: autoDraw = True
171.1968 	EXP 	pos2: autoDraw = True
171.1968 	EXP 	pos3: autoDraw = True
171.1968 	EXP 	pos4: autoDraw = True
171.2984 	DATA 	Mouse:  Left button up, pos=(759,535)
173.3304 	EXP 	targImage: autoDraw = True
173.8315 	DATA 	Mouse: Left button down, pos=(867,559)
173.8353 	EXP 	New trial (rep=0, index=29): OrderedDict([('isi', 2.3332), ('xPos', 0.125), ('corrAns', 'b')])
173.8635 	EXP 	pos1: autoDraw = False
173.8635 	EXP 	pos2: autoDraw = False
173.8635 	EXP 	pos3: autoDraw = False
173.8635 	EXP 	pos4: autoDraw = False
173.8635 	EXP 	targImage: autoDraw = False
173.8635 	EXP 	pos1: pos = array([-0.375,  0.   ])
173.8635 	EXP 	pos2: pos = array([-0.125,  0.   ])
173.8635 	EXP 	pos3: pos = array([0.125, 0.   ])
173.8635 	EXP 	pos4: pos = array([0.375, 0.   ])
173.8635 	EXP 	targImage: pos = array([0.125, 0.   ])
173.8635 	EXP 	pos1: autoDraw = True
173.8635 	EXP 	pos2: autoDraw = True
173.8635 	EXP 	pos3: autoDraw = True
173.8635 	EXP 	pos4: autoDraw = True
173.9149 	DATA 	Mouse:  Left button up, pos=(867,559)
176.1651 	EXP 	targImage: autoDraw = True
176.8319 	DATA 	Mouse: Left button down, pos=(924,564)
176.8504 	EXP 	New trial (rep=0, index=30): OrderedDict([('isi', 1.0), ('xPos', 0.375), ('corrAns', 'n')])
176.8632 	EXP 	pos1: autoDraw = False
176.8632 	EXP 	pos2: autoDraw = False
176.8632 	EXP 	pos3: autoDraw = False
176.8632 	EXP 	pos4: autoDraw = False
176.8632 	EXP 	targImage: autoDraw = False
176.8632 	EXP 	pos1: pos = array([-0.375,  0.   ])
176.8632 	EXP 	pos2: pos = array([-0.125,  0.   ])
176.8632 	EXP 	pos3: pos = array([0.125, 0.   ])
176.8632 	EXP 	pos4: pos = array([0.375, 0.   ])
176.8632 	EXP 	targImage: pos = array([0.375, 0.   ])
176.8632 	EXP 	pos1: autoDraw = True
176.8632 	EXP 	pos2: autoDraw = True
176.8632 	EXP 	pos3: autoDraw = True
176.8632 	EXP 	pos4: autoDraw = True
176.9654 	DATA 	Mouse:  Left button up, pos=(925,564)
177.8466 	EXP 	targImage: autoDraw = True
178.8145 	DATA 	Mouse: Left button down, pos=(1124,578)
178.9464 	DATA 	Mouse:  Left button up, pos=(1126,578)
179.2306 	DATA 	Mouse: Left button down, pos=(1129,578)
179.2341 	EXP 	New trial (rep=0, index=31): OrderedDict([('isi', 1.6666), ('xPos', -0.125), ('corrAns', 'v')])
179.2456 	EXP 	pos1: autoDraw = False
179.2456 	EXP 	pos2: autoDraw = False
179.2456 	EXP 	pos3: autoDraw = False
179.2456 	EXP 	pos4: autoDraw = False
179.2456 	EXP 	targImage: autoDraw = False
179.2456 	EXP 	pos1: pos = array([-0.375,  0.   ])
179.2456 	EXP 	pos2: pos = array([-0.125,  0.   ])
179.2456 	EXP 	pos3: pos = array([0.125, 0.   ])
179.2456 	EXP 	pos4: pos = array([0.375, 0.   ])
179.2456 	EXP 	targImage: pos = array([-0.125,  0.   ])
179.2456 	EXP 	pos1: autoDraw = True
179.2456 	EXP 	pos2: autoDraw = True
179.2456 	EXP 	pos3: autoDraw = True
179.2456 	EXP 	pos4: autoDraw = True
179.3310 	DATA 	Mouse:  Left button up, pos=(1129,579)
180.8954 	EXP 	targImage: autoDraw = True
181.3970 	DATA 	Mouse: Left button down, pos=(763,536)
181.4005 	EXP 	New trial (rep=0, index=32): OrderedDict([('isi', 2.5554), ('xPos', 0.375), ('corrAns', 'n')])
181.4126 	EXP 	pos1: autoDraw = False
181.4126 	EXP 	pos2: autoDraw = False
181.4126 	EXP 	pos3: autoDraw = False
181.4126 	EXP 	pos4: autoDraw = False
181.4126 	EXP 	targImage: autoDraw = False
181.4126 	EXP 	pos1: pos = array([-0.375,  0.   ])
181.4126 	EXP 	pos2: pos = array([-0.125,  0.   ])
181.4126 	EXP 	pos3: pos = array([0.125, 0.   ])
181.4126 	EXP 	pos4: pos = array([0.375, 0.   ])
181.4126 	EXP 	targImage: pos = array([0.375, 0.   ])
181.4126 	EXP 	pos1: autoDraw = True
181.4126 	EXP 	pos2: autoDraw = True
181.4126 	EXP 	pos3: autoDraw = True
181.4126 	EXP 	pos4: autoDraw = True
181.5311 	DATA 	Mouse:  Left button up, pos=(763,536)
183.9463 	EXP 	targImage: autoDraw = True
184.6630 	DATA 	Mouse: Left button down, pos=(1199,562)
184.6662 	EXP 	New trial (rep=0, index=33): OrderedDict([('isi', 2.9998), ('xPos', 0.125), ('corrAns', 'b')])
184.6797 	EXP 	pos1: autoDraw = False
184.6797 	EXP 	pos2: autoDraw = False
184.6797 	EXP 	pos3: autoDraw = False
184.6797 	EXP 	pos4: autoDraw = False
184.6797 	EXP 	targImage: autoDraw = False
184.6797 	EXP 	pos1: pos = array([-0.375,  0.   ])
184.6797 	EXP 	pos2: pos = array([-0.125,  0.   ])
184.6797 	EXP 	pos3: pos = array([0.125, 0.   ])
184.6797 	EXP 	pos4: pos = array([0.375, 0.   ])
184.6797 	EXP 	targImage: pos = array([0.125, 0.   ])
184.6797 	EXP 	pos1: autoDraw = True
184.6797 	EXP 	pos2: autoDraw = True
184.6797 	EXP 	pos3: autoDraw = True
184.6797 	EXP 	pos4: autoDraw = True
184.7480 	DATA 	Mouse:  Left button up, pos=(1200,563)
187.6631 	EXP 	targImage: autoDraw = True
188.1159 	DATA 	Mouse: Left button down, pos=(883,535)
188.1340 	EXP 	New trial (rep=0, index=34): OrderedDict([('isi', 1.0), ('xPos', -0.125), ('corrAns', 'v')])
188.1460 	EXP 	pos1: autoDraw = False
188.1460 	EXP 	pos2: autoDraw = False
188.1460 	EXP 	pos3: autoDraw = False
188.1460 	EXP 	pos4: autoDraw = False
188.1460 	EXP 	targImage: autoDraw = False
188.1460 	EXP 	pos1: pos = array([-0.375,  0.   ])
188.1460 	EXP 	pos2: pos = array([-0.125,  0.   ])
188.1460 	EXP 	pos3: pos = array([0.125, 0.   ])
188.1460 	EXP 	pos4: pos = array([0.375, 0.   ])
188.1460 	EXP 	targImage: pos = array([-0.125,  0.   ])
188.1460 	EXP 	pos1: autoDraw = True
188.1460 	EXP 	pos2: autoDraw = True
188.1460 	EXP 	pos3: autoDraw = True
188.1460 	EXP 	pos4: autoDraw = True
188.2139 	DATA 	Mouse:  Left button up, pos=(900,537)
189.1287 	EXP 	targImage: autoDraw = True
189.6305 	DATA 	Mouse: Left button down, pos=(806,527)
189.6345 	EXP 	New trial (rep=0, index=35): OrderedDict([('isi', 2.9998), ('xPos', 0.375), ('corrAns', 'n')])
189.6453 	EXP 	pos1: autoDraw = False
189.6453 	EXP 	pos2: autoDraw = False
189.6453 	EXP 	pos3: autoDraw = False
189.6453 	EXP 	pos4: autoDraw = False
189.6453 	EXP 	targImage: autoDraw = False
189.6453 	EXP 	pos1: pos = array([-0.375,  0.   ])
189.6453 	EXP 	pos2: pos = array([-0.125,  0.   ])
189.6453 	EXP 	pos3: pos = array([0.125, 0.   ])
189.6453 	EXP 	pos4: pos = array([0.375, 0.   ])
189.6453 	EXP 	targImage: pos = array([0.375, 0.   ])
189.6453 	EXP 	pos1: autoDraw = True
189.6453 	EXP 	pos2: autoDraw = True
189.6453 	EXP 	pos3: autoDraw = True
189.6453 	EXP 	pos4: autoDraw = True
189.7467 	DATA 	Mouse:  Left button up, pos=(799,526)
192.6296 	EXP 	targImage: autoDraw = True
193.3476 	DATA 	Mouse: Left button down, pos=(1218,568)
193.3507 	EXP 	New trial (rep=0, index=36): OrderedDict([('isi', 1.8888), ('xPos', -0.125), ('corrAns', 'v')])
193.3619 	EXP 	pos1: autoDraw = False
193.3619 	EXP 	pos2: autoDraw = False
193.3619 	EXP 	pos3: autoDraw = False
193.3619 	EXP 	pos4: autoDraw = False
193.3619 	EXP 	targImage: autoDraw = False
193.3619 	EXP 	pos1: pos = array([-0.375,  0.   ])
193.3619 	EXP 	pos2: pos = array([-0.125,  0.   ])
193.3619 	EXP 	pos3: pos = array([0.125, 0.   ])
193.3619 	EXP 	pos4: pos = array([0.375, 0.   ])
193.3619 	EXP 	targImage: pos = array([-0.125,  0.   ])
193.3619 	EXP 	pos1: autoDraw = True
193.3619 	EXP 	pos2: autoDraw = True
193.3619 	EXP 	pos3: autoDraw = True
193.3619 	EXP 	pos4: autoDraw = True
193.4482 	DATA 	Mouse:  Left button up, pos=(1218,568)
195.2461 	EXP 	targImage: autoDraw = True
195.6643 	DATA 	Mouse: Left button down, pos=(788,516)
195.6828 	EXP 	New trial (rep=0, index=37): OrderedDict([('isi', 2.3332), ('xPos', -0.375), ('corrAns', 'c')])
195.6957 	EXP 	pos1: autoDraw = False
195.6957 	EXP 	pos2: autoDraw = False
195.6957 	EXP 	pos3: autoDraw = False
195.6957 	EXP 	pos4: autoDraw = False
195.6957 	EXP 	targImage: autoDraw = False
195.6957 	EXP 	pos1: pos = array([-0.375,  0.   ])
195.6957 	EXP 	pos2: pos = array([-0.125,  0.   ])
195.6957 	EXP 	pos3: pos = array([0.125, 0.   ])
195.6957 	EXP 	pos4: pos = array([0.375, 0.   ])
195.6957 	EXP 	targImage: pos = array([-0.375,  0.   ])
195.6957 	EXP 	pos1: autoDraw = True
195.6957 	EXP 	pos2: autoDraw = True
195.6957 	EXP 	pos3: autoDraw = True
195.6957 	EXP 	pos4: autoDraw = True
195.7808 	DATA 	Mouse:  Left button up, pos=(788,516)
198.0127 	EXP 	targImage: autoDraw = True
198.6960 	DATA 	Mouse: Left button down, pos=(497,488)
198.6988 	EXP 	New trial (rep=0, index=38): OrderedDict([('isi', 2.111), ('xPos', -0.125), ('corrAns', 'v')])
198.7127 	EXP 	pos1: autoDraw = False
198.7127 	EXP 	pos2: autoDraw = False
198.7127 	EXP 	pos3: autoDraw = False
198.7127 	EXP 	pos4: autoDraw = False
198.7127 	EXP 	targImage: autoDraw = False
198.7127 	EXP 	pos1: pos = array([-0.375,  0.   ])
198.7127 	EXP 	pos2: pos = array([-0.125,  0.   ])
198.7127 	EXP 	pos3: pos = array([0.125, 0.   ])
198.7127 	EXP 	pos4: pos = array([0.375, 0.   ])
198.7127 	EXP 	targImage: pos = array([-0.125,  0.   ])
198.7127 	EXP 	pos1: autoDraw = True
198.7127 	EXP 	pos2: autoDraw = True
198.7127 	EXP 	pos3: autoDraw = True
198.7127 	EXP 	pos4: autoDraw = True
198.7801 	DATA 	Mouse:  Left button up, pos=(497,487)
200.8126 	EXP 	targImage: autoDraw = True
201.2137 	DATA 	Mouse: Left button down, pos=(807,541)
201.2172 	EXP 	New trial (rep=0, index=39): OrderedDict([('isi', 1.8888), ('xPos', -0.375), ('corrAns', 'c')])
201.2283 	EXP 	pos1: autoDraw = False
201.2283 	EXP 	pos2: autoDraw = False
201.2283 	EXP 	pos3: autoDraw = False
201.2283 	EXP 	pos4: autoDraw = False
201.2283 	EXP 	targImage: autoDraw = False
201.2283 	EXP 	pos1: pos = array([-0.375,  0.   ])
201.2283 	EXP 	pos2: pos = array([-0.125,  0.   ])
201.2283 	EXP 	pos3: pos = array([0.125, 0.   ])
201.2283 	EXP 	pos4: pos = array([0.375, 0.   ])
201.2283 	EXP 	targImage: pos = array([-0.375,  0.   ])
201.2283 	EXP 	pos1: autoDraw = True
201.2283 	EXP 	pos2: autoDraw = True
201.2283 	EXP 	pos3: autoDraw = True
201.2283 	EXP 	pos4: autoDraw = True
201.3141 	DATA 	Mouse:  Left button up, pos=(807,541)
203.1123 	EXP 	targImage: autoDraw = True
203.7649 	DATA 	Mouse: Left button down, pos=(538,500)
203.7955 	EXP 	pos1: autoDraw = False
203.7955 	EXP 	pos2: autoDraw = False
203.7955 	EXP 	pos3: autoDraw = False
203.7955 	EXP 	pos4: autoDraw = False
203.7955 	EXP 	targImage: autoDraw = False
203.7955 	EXP 	text: autoDraw = True
203.8798 	DATA 	Mouse:  Left button up, pos=(537,499)
206.7950 	EXP 	text: autoDraw = False
206.7950 	EXP 	text: autoDraw = False
207.0921 	EXP 	window1: mouseVisible = True
